<?xml version="1.0" encoding="UTF-8" ?>
<testsuite tests="3" failures="0" name="ru.a1pha1337.TestClass" time="8.019" errors="0" skipped="0">
  <properties>
[...]
</properties>
  <testcase classname="ru.a1pha1337.TestClass" name="givenBufferingPublisher_whenConsumerIsTooSlow" time="7.776"/>
  <testcase classname="ru.a1pha1337.TestClass" name="givenDroppingPublisher_whenConsumerIsTooSlow" time="0.119"/>
  <testcase classname="ru.a1pha1337.TestClass" name="givenDefaultPublisher_whenConsumerIsEnoughFast" time="0.124"/>
</testsuite>